<?xml version="1.0" encoding="UTF-8"?>
<!-- Generated by org.testng.reporters.JUnitXMLReporter -->
<testsuite hostname="user-PC" ignored="0" name="Default test" tests="2" failures="0" timestamp="02 Nov 2018 11:18:59 GMT" time="29.569" errors="0">
  <testcase name="loginTestCase" time="4.195" classname="com.zealconnect.loginpage.LoginPageTestCase"/>
  <testcase name="loginTestCaseAssert" time="0.015" classname="com.zealconnect.loginpage.LoginPageTestCase"/>
</testsuite> <!-- Default test -->
