<?xml version="1.0" encoding="UTF-8"?>
<testng-results skipped="0" failed="0" ignored="0" total="1" passed="1">
  <reporter-output>
  </reporter-output>
  <suite name="Suite" duration-ms="21404" started-at="2018-11-02T06:55:14Z" finished-at="2018-11-02T06:55:35Z">
    <groups>
    </groups>
    <test name="Test" duration-ms="21404" started-at="2018-11-02T06:55:14Z" finished-at="2018-11-02T06:55:35Z">
      <class name="com.zealconnect.loginpage.LoginPageTestCase">
        <test-method status="PASS" signature="setup()[pri:0, instance:com.zealconnect.loginpage.LoginPageTestCase@224edc67]" name="setup" is-config="true" duration-ms="15605" started-at="2018-11-02T06:55:14Z" finished-at="2018-11-02T06:55:29Z">
          <reporter-output>
          </reporter-output>
        </test-method> <!-- setup -->
        <test-method status="PASS" signature="loginTestCase()[pri:0, instance:com.zealconnect.loginpage.LoginPageTestCase@224edc67]" name="loginTestCase" duration-ms="4283" started-at="2018-11-02T06:55:29Z" finished-at="2018-11-02T06:55:34Z">
          <reporter-output>
          </reporter-output>
        </test-method> <!-- loginTestCase -->
        <test-method status="PASS" signature="tearDown()[pri:0, instance:com.zealconnect.loginpage.LoginPageTestCase@224edc67]" name="tearDown" is-config="true" duration-ms="1497" started-at="2018-11-02T06:55:34Z" finished-at="2018-11-02T06:55:35Z">
          <reporter-output>
          </reporter-output>
        </test-method> <!-- tearDown -->
      </class> <!-- com.zealconnect.loginpage.LoginPageTestCase -->
    </test> <!-- Test -->
  </suite> <!-- Suite -->
</testng-results>
